2014/11/16 00:02:39 [router.go:845] [D] | GET        | /                                        | 34.0019ms        | match      | /                                        | 
2014/11/16 00:02:55 [router.go:845] [D] | GET        | /account/signOut                         | 0                | match      | /account/signout/*                       | 
2014/11/16 00:03:02 [router.go:845] [D] | GET        | /connect/qq_login                        | 0                | match      | /connect/qq_login/*                      | 
2014/11/16 00:03:10 [log.go:108] [D] Connect/QQ_Callback Info:&{0  0 qq 769730D627FD70BF6FBC376B5554E4C5 5B9F45C11278896121B34468BBEE2C0D 17B16261244FECB04470F4002D52FF4E 哈利蔺特 男 http://q.qlogo.cn/qqapp/101036556/769730D627FD70BF6FBC376B5554E4C5/40 http://q.qlogo.cn/qqapp/101036556/769730D627FD70BF6FBC376B5554E4C5/100} 
2014/11/16 00:03:10 [router.go:845] [D] | GET        | /connect/qq_callback                     | 2.5281446s       | match      | /connect/qq_callback/*                   | 
2014/11/16 00:03:11 [log.go:108] [D] Connect/SignTrace Info:创建新的账户 
2014/11/16 00:03:11 [router.go:876] [C] the request url is  /connect/signtrace 
2014/11/16 00:03:11 [router.go:877] [C] Handler crashed with error runtime error: invalid memory address or nil pointer dereference 
2014/11/16 00:03:11 [router.go:883] [C] c:/go/src/pkg/runtime/panic.c:248 
2014/11/16 00:03:11 [router.go:883] [C] c:/go/src/pkg/runtime/panic.c:552 
2014/11/16 00:03:11 [router.go:883] [C] c:/go/src/pkg/runtime/os_windows.c:359 
2014/11/16 00:03:11 [router.go:883] [C] F:/baiducloud/GoWalker/src/zouzhe/controllers/c_connect.go:338 
2014/11/16 00:03:11 [router.go:883] [C] c:/go/src/pkg/runtime/asm_386.s:383 
2014/11/16 00:03:11 [router.go:883] [C] c:/go/src/pkg/reflect/value.go:563 
2014/11/16 00:03:11 [router.go:883] [C] c:/go/src/pkg/reflect/value.go:411 
2014/11/16 00:03:11 [router.go:883] [C] F:/baiducloud/GoWalker/src/github.com/astaxie/beego/router.go:794 
2014/11/16 00:03:11 [router.go:883] [C] c:/go/src/pkg/net/http/server.go:1673 
2014/11/16 00:03:11 [router.go:883] [C] c:/go/src/pkg/net/http/server.go:1174 
2014/11/16 00:03:11 [router.go:883] [C] c:/go/src/pkg/runtime/proc.c:1445 
2014/11/16 00:03:15 [router.go:845] [D] | GET        | /                                        | 37.0021ms        | match      | /                                        | 
2014/11/16 00:14:17 [main.go:17] [I] zouzhe 0.1.14.1105 
2014/11/16 00:14:17 [app.go:96] [I] http server Running on :80
2014/11/16 00:38:28 [main.go:17] [I] zouzhe 0.1.14.1105 
2014/11/16 00:38:28 [app.go:96] [I] http server Running on :80
2014/11/16 00:39:03 [main.go:17] [I] zouzhe 0.1.14.1105 
2014/11/16 00:39:03 [app.go:96] [I] http server Running on :80
2014/11/16 00:40:52 [router.go:845] [D] | GET        | /                                        | 34.002ms         | match      | /                                        | 
2014/11/16 00:53:16 [router.go:845] [D] | GET        | /                                        | 26.0015ms        | match      | /                                        | 
2014/11/16 00:53:48 [router.go:845] [D] | GET        | /connect/qq_login                        | 0                | match      | /connect/qq_login/*                      | 
2014/11/16 00:53:53 [log.go:108] [D] Connect/QQ_Callback Info:&{0  0 qq 769730D627FD70BF6FBC376B5554E4C5 5B9F45C11278896121B34468BBEE2C0D 17B16261244FECB04470F4002D52FF4E 哈利蔺特 男 http://q.qlogo.cn/qqapp/101036556/769730D627FD70BF6FBC376B5554E4C5/40 http://q.qlogo.cn/qqapp/101036556/769730D627FD70BF6FBC376B5554E4C5/100} 
2014/11/16 00:53:53 [router.go:845] [D] | GET        | /connect/qq_callback                     | 2.0021145s       | match      | /connect/qq_callback/*                   | 
2014/11/16 00:53:53 [log.go:108] [D] Connect/SignTrace Info:记录登录日志 
2014/11/16 00:53:53 [router.go:876] [C] the request url is  /connect/signtrace 
2014/11/16 00:53:53 [router.go:877] [C] Handler crashed with error runtime error: invalid memory address or nil pointer dereference 
2014/11/16 00:53:53 [router.go:883] [C] c:/go/src/pkg/runtime/panic.c:248 
2014/11/16 00:53:53 [router.go:883] [C] c:/go/src/pkg/runtime/panic.c:552 
2014/11/16 00:53:53 [router.go:883] [C] c:/go/src/pkg/runtime/os_windows.c:359 
2014/11/16 00:53:53 [router.go:883] [C] F:/baiducloud/GoWalker/src/zouzhe/controllers/c_connect.go:339 
2014/11/16 00:53:53 [router.go:883] [C] c:/go/src/pkg/runtime/asm_386.s:383 
2014/11/16 00:53:53 [router.go:883] [C] c:/go/src/pkg/reflect/value.go:563 
2014/11/16 00:53:53 [router.go:883] [C] c:/go/src/pkg/reflect/value.go:411 
2014/11/16 00:53:53 [router.go:883] [C] F:/baiducloud/GoWalker/src/github.com/astaxie/beego/router.go:794 
2014/11/16 00:53:53 [router.go:883] [C] c:/go/src/pkg/net/http/server.go:1673 
2014/11/16 00:53:53 [router.go:883] [C] c:/go/src/pkg/net/http/server.go:1174 
2014/11/16 00:53:53 [router.go:883] [C] c:/go/src/pkg/runtime/proc.c:1445 
2014/11/16 00:57:20 [router.go:845] [D] | GET        | /                                        | 40.0023ms        | match      | /                                        | 
2014/11/16 01:00:26 [main.go:17] [I] zouzhe 0.1.14.1105 
2014/11/16 01:00:26 [app.go:96] [I] http server Running on :80
2014/11/16 01:01:31 [main.go:17] [I] zouzhe 0.1.14.1105 
2014/11/16 01:01:31 [app.go:96] [I] http server Running on :80
2014/11/16 17:34:26 [main.go:17] [I] zouzhe 0.1.14.1105 
2014/11/16 17:34:32 [app.go:96] [I] http server Running on :80
2014/11/16 17:34:59 [main.go:17] [I] zouzhe 0.1.14.1105 
2014/11/16 17:34:59 [app.go:96] [I] http server Running on :80
2014/11/16 17:35:46 [router.go:845] [D] | GET        | /                                        | 35.002ms         | match      | /                                        | 
2014/11/16 17:35:54 [router.go:845] [D] | GET        | /                                        | 25.0014ms        | match      | /                                        | 
2014/11/16 17:36:03 [router.go:845] [D] | GET        | /                                        | 43.0024ms        | match      | /                                        | 
2014/11/16 17:36:27 [router.go:845] [D] | GET        | /connect/qq_login                        | 1ms              | match      | /connect/qq_login/*                      | 
2014/11/16 17:36:34 [log.go:108] [D] Connect/QQ_Callback Info:&{0  0 qq 769730D627FD70BF6FBC376B5554E4C5 5B9F45C11278896121B34468BBEE2C0D 17B16261244FECB04470F4002D52FF4E 哈利蔺特 男 http://q.qlogo.cn/qqapp/101036556/769730D627FD70BF6FBC376B5554E4C5/40 http://q.qlogo.cn/qqapp/101036556/769730D627FD70BF6FBC376B5554E4C5/100} 
2014/11/16 17:36:34 [router.go:845] [D] | GET        | /connect/qq_callback                     | 1.7120979s       | match      | /connect/qq_callback/*                   | 
2014/11/16 17:36:35 [log.go:108] [D] Connect/SignTrace Info:记录登录日志 
2014/11/16 17:36:35 [router.go:845] [D] | GET        | /connect/signtrace                       | 288.0165ms       | match      | /connect/signtrace/*                     | 
2014/11/16 17:36:42 [router.go:845] [D] | GET        | /                                        | 34.0019ms        | match      | /                                        | 
2014/11/16 17:37:10 [router.go:845] [D] | GET        | /                                        | 27.0016ms        | match      | /                                        | 
2014/11/16 17:37:13 [router.go:845] [D] | GET        | /                                        | 26.0015ms        | match      | /                                        | 
2014/11/16 17:38:02 [log.go:108] [D] Profile/GET Info:zh-CN 
2014/11/16 17:38:02 [router.go:845] [D] | GET        | /profile                                 | 31.0018ms        | match      | /profile                                 | 
2014/11/16 17:42:41 [log.go:108] [D] Profile/GET Info:zh-CN 
2014/11/16 17:42:41 [router.go:845] [D] | GET        | /profile                                 | 34.0019ms        | match      | /profile                                 | 
2014/11/16 17:43:46 [log.go:108] [D] Profile/GET Info:zh-CN 
2014/11/16 17:43:46 [router.go:845] [D] | GET        | /profile                                 | 41.0024ms        | match      | /profile                                 | 
2014/11/16 17:48:39 [log.go:108] [D] Profile/GET Info:zh-CN 
2014/11/16 17:48:39 [router.go:845] [D] | GET        | /profile                                 | 46.0026ms        | match      | /profile                                 | 
2014/11/16 17:53:51 [router.go:845] [D] | GET        | /                                        | 35.002ms         | match      | /                                        | 
2014/11/16 18:02:56 [router.go:845] [D] | GET        | /ifr_status/                             | 1ms              | notmatch   | 
2014/11/16 18:16:54 [router.go:845] [D] | GET        | /ifr_status/                             | 1ms              | notmatch   | 
2014/11/16 19:19:56 [router.go:845] [D] | GET        | /account/signOut                         | 206.0118ms       | match      | /account/signout/*                       | 
2014/11/16 19:20:01 [router.go:845] [D] | GET        | /                                        | 388.0222ms       | match      | /                                        | 
2014/11/16 19:20:57 [router.go:845] [D] | GET        | /                                        | 46.0026ms        | match      | /                                        | 
2014/11/16 19:21:10 [router.go:845] [D] | GET        | /                                        | 41.0023ms        | match      | /                                        | 
2014/11/16 19:22:36 [router.go:845] [D] | GET        | /                                        | 37.0022ms        | match      | /                                        | 
2014/11/16 19:37:51 [router.go:845] [D] | GET        | /                                        | 87.005ms         | match      | /                                        | 
2014/11/16 19:42:19 [router.go:845] [D] | GET        | /                                        | 54.0031ms        | match      | /                                        | 
2014/11/16 19:44:25 [router.go:845] [D] | GET        | /                                        | 61.0035ms        | match      | /                                        | 
2014/11/16 19:45:55 [router.go:845] [D] | GET        | /                                        | 50.0029ms        | match      | /                                        | 
2014/11/16 19:47:34 [router.go:845] [D] | GET        | /ifr_status/                             | 141.0081ms       | notmatch   | 
2014/11/16 20:17:34 [router.go:845] [D] | GET        | /ifr_status/                             | 1ms              | notmatch   | 
2014/11/16 20:19:22 [router.go:845] [D] | GET        | /                                        | 70.004ms         | match      | /                                        | 
2014/11/16 20:19:31 [router.go:845] [D] | GET        | /                                        | 36.002ms         | match      | /                                        | 
2014/11/16 20:20:38 [router.go:845] [D] | GET        | /                                        | 95.0055ms        | match      | /                                        | 
2014/11/16 20:22:05 [router.go:845] [D] | GET        | /                                        | 47.0027ms        | match      | /                                        | 
2014/11/16 20:22:10 [router.go:845] [D] | GET        | /connect/qq_login                        | 95.0054ms        | match      | /connect/qq_login/*                      | 
2014/11/16 20:22:26 [router.go:845] [D] | GET        | /                                        | 110.0063ms       | match      | /                                        | 
2014/11/16 20:22:49 [router.go:845] [D] | GET        | /                                        | 60.0035ms        | match      | /                                        | 
2014/11/16 20:22:54 [router.go:845] [D] | GET        | /account/signUp                          | 1ms              | notmatch   | 
2014/11/16 20:25:16 [router.go:845] [D] | GET        | /                                        | 46.0027ms        | match      | /                                        | 
2014/11/16 20:25:19 [router.go:845] [D] | GET        | /account/signUp                          | 0                | notmatch   | 
2014/11/16 20:25:29 [router.go:845] [D] | GET        | /                                        | 101.0058ms       | match      | /                                        | 
2014/11/16 20:25:32 [router.go:845] [D] | GET        | /account/signUp                          | 1ms              | notmatch   | 
2014/11/16 20:47:34 [router.go:845] [D] | GET        | /ifr_status/                             | 2.0001ms         | notmatch   | 
2014/11/16 21:42:09 [main.go:17] [I] zouzhe 0.1.14.1105 
2014/11/16 21:42:09 [app.go:96] [I] http server Running on :80
2014/11/16 21:42:34 [router.go:845] [D] | GET        | /                                        | 58.0033ms        | match      | /                                        | 
2014/11/16 21:46:46 [router.go:845] [D] | GET        | /                                        | 38.0022ms        | match      | /                                        | 
2014/11/16 21:46:53 [router.go:845] [D] | GET        | /passwordreset                           | 1ms              | notmatch   | 
2014/11/16 21:48:30 [main.go:17] [I] zouzhe 0.1.14.1105 
2014/11/16 21:48:30 [app.go:96] [I] http server Running on :80
2014/11/16 21:49:56 [router.go:845] [D] | GET        | /passwordreset                           | 34.002ms         | match      | /passwordreset                           | 
2014/11/16 21:50:24 [router.go:845] [D] | GET        | /signUp                                  | 2.0001ms         | notmatch   | 
2014/11/16 21:51:42 [main.go:17] [I] zouzhe 0.1.14.1105 
2014/11/16 21:51:42 [app.go:96] [I] http server Running on :80
2014/11/16 21:51:52 [log.go:108] [D] template Execute err: template: account/signup.html:2:11: executing "account/signup.html" at <.sign.loginName>: loginName is not a field of struct type interface {} 
2014/11/16 21:51:52 [router.go:876] [C] the request url is  /signUp 
2014/11/16 21:51:52 [router.go:877] [C] Handler crashed with error template: account/signup.html:2:11: executing "account/signup.html" at <.sign.loginName>: loginName is not a field of struct type interface {} 
2014/11/16 21:51:52 [router.go:883] [C] c:/go/src/pkg/runtime/panic.c:248 
2014/11/16 21:51:52 [router.go:883] [C] F:/baiducloud/GoWalker/src/github.com/astaxie/beego/router.go:802 
2014/11/16 21:51:52 [router.go:883] [C] c:/go/src/pkg/net/http/server.go:1673 
2014/11/16 21:51:52 [router.go:883] [C] c:/go/src/pkg/net/http/server.go:1174 
2014/11/16 21:51:52 [router.go:883] [C] c:/go/src/pkg/runtime/proc.c:1445 
2014/11/16 22:00:22 [router.go:845] [D] | GET        | /ifr_status/                             | 1.0001ms         | notmatch   | 
2014/11/16 22:08:57 [router.go:845] [D] | GET        | /signUp                                  | 7.0004ms         | match      | /signup                                  | 
2014/11/16 22:12:30 [router.go:845] [D] | GET        | /signUp                                  | 15.0008ms        | match      | /signup                                  | 
2014/11/16 22:12:36 [router.go:845] [D] | GET        | /signUp                                  | 32.0019ms        | match      | /signup                                  | 
2014/11/16 22:27:36 [main.go:17] [I] zouzhe 0.1.14.1105 
2014/11/16 22:27:36 [app.go:96] [I] http server Running on :80
2014/11/16 22:31:17 [router.go:845] [D] | GET        | /                                        | 53.0031ms        | match      | /                                        | 
2014/11/16 22:55:59 [log.go:108] [D] Loading language: en-US 
2014/11/16 22:55:59 [log.go:108] [D] Loading language: zh-CN 
2014/11/16 22:55:59 [main.go:17] [I] zouzhe 0.1.14.1105 
2014/11/16 22:56:00 [app.go:96] [I] http server Running on :80
2014/11/16 22:56:35 [log.go:108] [D] Loading language: en-US 
2014/11/16 22:56:35 [log.go:108] [D] Loading language: zh-CN 
2014/11/16 22:56:35 [main.go:17] [I] zouzhe 0.1.14.1105 
2014/11/16 22:56:35 [app.go:96] [I] http server Running on :80
2014/11/16 22:57:10 [main.go:17] [I] zouzhe 0.1.14.1105 
2014/11/16 22:57:10 [app.go:96] [I] http server Running on :80
2014/11/16 23:03:27 [log.go:108] [D] Loading language: en-US 
2014/11/16 23:03:27 [log.go:108] [D] Loading language: zh-CN 
2014/11/16 23:03:27 [main.go:17] [I] zouzhe 0.1.14.1105 
2014/11/16 23:03:27 [app.go:96] [I] http server Running on :80
2014/11/16 23:03:55 [router.go:845] [D] | GET        | /                                        | 92.0053ms        | match      | /                                        | 
2014/11/16 23:04:04 [main.go:17] [I] zouzhe 0.1.14.1105 
2014/11/16 23:04:04 [app.go:96] [I] http server Running on :80
2014/11/16 23:04:38 [log.go:108] [D] Loading language: en-US 
2014/11/16 23:04:38 [log.go:108] [D] Loading language: zh-CN 
2014/11/16 23:04:38 [main.go:17] [I] zouzhe 0.1.14.1105 
2014/11/16 23:04:39 [app.go:96] [I] http server Running on :80
2014/11/16 23:05:47 [router.go:845] [D] | GET        | /                                        | 58.0033ms        | match      | /                                        | 
2014/11/16 23:08:57 [router.go:845] [D] | GET        | /                                        | 43.0025ms        | match      | /                                        | 
2014/11/16 23:19:11 [main.go:17] [I] zouzhe 0.1.14.1105 
2014/11/16 23:19:11 [app.go:96] [I] http server Running on :80
2014/11/16 23:19:39 [router.go:845] [D] | GET        | /                                        | 51.0029ms        | match      | /                                        | 
2014/11/16 23:19:47 [router.go:845] [D] | GET        | /signIn                                  | 0                | match      | /signin                                  | 
2014/11/16 23:20:06 [router.go:845] [D] | GET        | /signIn                                  | 0                | match      | /signin                                  | 
2014/11/16 23:21:30 [router.go:845] [D] | GET        | /                                        | 37.0021ms        | match      | /                                        | 
2014/11/16 23:46:25 [main.go:17] [I] zouzhe 0.1.14.1105 
2014/11/16 23:46:26 [app.go:96] [I] http server Running on :80
2014/11/16 23:46:35 [router.go:845] [D] | POST       | /signIn                                  | 21.0012ms        | match      | /signin                                  | 
2014/11/16 23:46:53 [router.go:845] [D] | POST       | /signIn                                  | 1.0001ms         | match      | /signin                                  | 
2014/11/17 10:14:08 [main.go:17] [I] zouzhe 0.1.14.1105 
2014/11/17 10:14:08 [app.go:96] [I] http server Running on :80
2014/11/17 10:18:07 [router.go:845] [D] | GET        | /                                        | 30.0017ms        | match      | /                                        | 
2014/11/17 10:18:16 [router.go:845] [D] | GET        | /                                        | 38.0022ms        | match      | /                                        | 
2014/11/17 10:19:00 [router.go:845] [D] | GET        | /                                        | 45.0026ms        | match      | /                                        | 
2014/11/17 10:20:07 [router.go:845] [D] | GET        | /ifr_status/                             | 2.0001ms         | notmatch   | 
2014/11/17 10:21:44 [router.go:845] [D] | GET        | /                                        | 39.0022ms        | match      | /                                        | 
2014/11/17 10:24:38 [router.go:845] [D] | GET        | /                                        | 34.0019ms        | match      | /                                        | 
2014/11/17 10:25:26 [router.go:845] [D] | GET        | /                                        | 37.0021ms        | match      | /                                        | 
2014/11/17 10:26:10 [router.go:845] [D] | GET        | /                                        | 33.0019ms        | match      | /                                        | 
2014/11/17 10:26:28 [router.go:845] [D] | GET        | /                                        | 40.0022ms        | match      | /                                        | 
2014/11/17 10:27:04 [router.go:845] [D] | GET        | /                                        | 43.0025ms        | match      | /                                        | 
2014/11/17 10:27:43 [router.go:845] [D] | GET        | /connect/qq_login                        | 0                | match      | /connect/qq_login/*                      | 
2014/11/17 10:27:53 [log.go:108] [D] Connect/QQ_Callback Info:&{0  0 qq 769730D627FD70BF6FBC376B5554E4C5 5B9F45C11278896121B34468BBEE2C0D 17B16261244FECB04470F4002D52FF4E 哈利蔺特 男 http://q.qlogo.cn/qqapp/101036556/769730D627FD70BF6FBC376B5554E4C5/40 http://q.qlogo.cn/qqapp/101036556/769730D627FD70BF6FBC376B5554E4C5/100} 
2014/11/17 10:27:53 [router.go:845] [D] | GET        | /connect/qq_callback                     | 2.1801247s       | match      | /connect/qq_callback/*                   | 
2014/11/17 10:27:53 [log.go:108] [D] Connect/SignTrace Info:记录登录日志 
2014/11/17 10:27:53 [router.go:845] [D] | POST       | /connect/signtrace                       | 268.0154ms       | match      | /connect/signtrace/*                     | 
2014/11/17 10:28:06 [router.go:845] [D] | GET        | /                                        | 36.0021ms        | match      | /                                        | 
2014/11/17 11:05:25 [main.go:17] [I] zouzhe 0.1.14.1105 
2014/11/17 11:05:26 [app.go:96] [I] http server Running on :80
2014/11/17 11:05:30 [router.go:845] [D] | GET        | /ifr_status/                             | 1.0001ms         | notmatch   | 
2014/11/17 11:05:43 [router.go:845] [D] | GET        | /                                        | 32.0018ms        | match      | /                                        | 
2014/11/17 11:05:51 [main.go:17] [I] zouzhe 0.1.14.1105 
2014/11/17 11:05:51 [app.go:96] [I] http server Running on :80
2014/11/17 11:06:08 [router.go:845] [D] | POST       | /signOut                                 | 1ms              | match      | /signout                                 | 
2014/11/17 11:06:20 [router.go:845] [D] | GET        | /                                        | 55.0031ms        | match      | /                                        | 
2014/11/17 11:07:15 [router.go:845] [D] | GET        | /                                        | 27.0015ms        | match      | /                                        | 
2014/11/17 11:07:17 [router.go:845] [D] | GET        | /                                        | 43.0025ms        | match      | /                                        | 
2014/11/17 11:24:09 [log.go:108] [D] parse template err: _footer.html template: _footer.html:76: unexpected "}" in operand; missing space? 
2014/11/17 11:24:09 [router.go:845] [D] | GET        | /                                        | 45.0026ms        | match      | /                                        | 
2014/11/17 11:25:31 [log.go:108] [D] parse template err: _footer.html template: _footer.html:76: unexpected "}" in operand; missing space? 
2014/11/17 11:25:31 [router.go:845] [D] | GET        | /                                        | 40.0023ms        | match      | /                                        | 
2014/11/17 11:25:41 [log.go:108] [D] parse template err: _footer.html template: _footer.html:76: unexpected "}" in operand; missing space? 
2014/11/17 11:25:41 [router.go:845] [D] | GET        | /                                        | 40.0023ms        | match      | /                                        | 
2014/11/17 11:25:43 [log.go:108] [D] parse template err: _footer.html template: _footer.html:76: unexpected "}" in operand; missing space? 
2014/11/17 11:25:44 [router.go:845] [D] | GET        | /                                        | 43.0025ms        | match      | /                                        | 
2014/11/17 11:27:53 [main.go:17] [I] zouzhe 0.1.14.1105 
2014/11/17 11:27:53 [log.go:108] [D] parse template err: _footer.html template: _footer.html:76: unexpected "}" in operand; missing space? 
2014/11/17 11:27:53 [app.go:96] [I] http server Running on :80
2014/11/17 11:28:15 [log.go:108] [D] parse template err: _footer.html template: _footer.html:76: unexpected "}" in operand; missing space? 
2014/11/17 11:28:15 [router.go:876] [C] the request url is  / 
2014/11/17 11:28:15 [router.go:877] [C] Handler crashed with error runtime error: invalid memory address or nil pointer dereference 
2014/11/17 11:28:15 [router.go:883] [C] c:/go/src/pkg/runtime/panic.c:248 
2014/11/17 11:28:15 [router.go:883] [C] c:/go/src/pkg/runtime/panic.c:552 
2014/11/17 11:28:15 [router.go:883] [C] c:/go/src/pkg/runtime/os_windows.c:359 
2014/11/17 11:28:15 [router.go:883] [C] c:/go/src/pkg/html/template/template.go:94 
2014/11/17 11:28:15 [router.go:883] [C] c:/go/src/pkg/html/template/template.go:83 
2014/11/17 11:28:15 [router.go:883] [C] G:/baiduyun/cloud/GoWalker/src/github.com/astaxie/beego/controller.go:226 
2014/11/17 11:28:15 [router.go:883] [C] G:/baiduyun/cloud/GoWalker/src/github.com/astaxie/beego/controller.go:179 
2014/11/17 11:28:15 [router.go:883] [C] G:/baiduyun/cloud/GoWalker/src/github.com/astaxie/beego/router.go:801 
2014/11/17 11:28:15 [router.go:883] [C] c:/go/src/pkg/net/http/server.go:1673 
2014/11/17 11:28:15 [router.go:883] [C] c:/go/src/pkg/net/http/server.go:1174 
2014/11/17 11:28:15 [router.go:883] [C] c:/go/src/pkg/runtime/proc.c:1445 
2014/11/17 11:28:53 [log.go:108] [D] parse template err: _footer.html template: _footer.html:76: unexpected "}" in operand; missing space? 
2014/11/17 11:28:53 [router.go:876] [C] the request url is  / 
2014/11/17 11:28:53 [router.go:877] [C] Handler crashed with error runtime error: invalid memory address or nil pointer dereference 
2014/11/17 11:28:53 [router.go:883] [C] c:/go/src/pkg/runtime/panic.c:248 
2014/11/17 11:28:53 [router.go:883] [C] c:/go/src/pkg/runtime/panic.c:552 
2014/11/17 11:28:53 [router.go:883] [C] c:/go/src/pkg/runtime/os_windows.c:359 
2014/11/17 11:28:53 [router.go:883] [C] c:/go/src/pkg/html/template/template.go:94 
2014/11/17 11:28:53 [router.go:883] [C] c:/go/src/pkg/html/template/template.go:83 
2014/11/17 11:28:53 [router.go:883] [C] G:/baiduyun/cloud/GoWalker/src/github.com/astaxie/beego/controller.go:226 
2014/11/17 11:28:53 [router.go:883] [C] G:/baiduyun/cloud/GoWalker/src/github.com/astaxie/beego/controller.go:179 
2014/11/17 11:28:53 [router.go:883] [C] G:/baiduyun/cloud/GoWalker/src/github.com/astaxie/beego/router.go:801 
2014/11/17 11:28:53 [router.go:883] [C] c:/go/src/pkg/net/http/server.go:1673 
2014/11/17 11:28:53 [router.go:883] [C] c:/go/src/pkg/net/http/server.go:1174 
2014/11/17 11:28:53 [router.go:883] [C] c:/go/src/pkg/runtime/proc.c:1445 
2014/11/17 11:29:24 [log.go:108] [D] template Execute err: template: _footer.html:76:52: executing "_footer.html" at <loadtimes>: wrong number of args for loadtimes: want 1 got 0 
2014/11/17 11:29:24 [router.go:876] [C] the request url is  / 
2014/11/17 11:29:24 [router.go:877] [C] Handler crashed with error template: _footer.html:76:52: executing "_footer.html" at <loadtimes>: wrong number of args for loadtimes: want 1 got 0 
2014/11/17 11:29:24 [router.go:883] [C] c:/go/src/pkg/runtime/panic.c:248 
2014/11/17 11:29:24 [router.go:883] [C] G:/baiduyun/cloud/GoWalker/src/github.com/astaxie/beego/router.go:802 
2014/11/17 11:29:24 [router.go:883] [C] c:/go/src/pkg/net/http/server.go:1673 
2014/11/17 11:29:24 [router.go:883] [C] c:/go/src/pkg/net/http/server.go:1174 
2014/11/17 11:29:24 [router.go:883] [C] c:/go/src/pkg/runtime/proc.c:1445 
2014/11/17 11:30:26 [log.go:108] [D] template Execute err: template: _footer.html:76:52: executing "_footer.html" at <loadtimes>: wrong number of args for loadtimes: want 1 got 0 
2014/11/17 11:30:26 [router.go:876] [C] the request url is  / 
2014/11/17 11:30:26 [router.go:877] [C] Handler crashed with error template: _footer.html:76:52: executing "_footer.html" at <loadtimes>: wrong number of args for loadtimes: want 1 got 0 
2014/11/17 11:30:26 [router.go:883] [C] c:/go/src/pkg/runtime/panic.c:248 
2014/11/17 11:30:26 [router.go:883] [C] G:/baiduyun/cloud/GoWalker/src/github.com/astaxie/beego/router.go:802 
2014/11/17 11:30:26 [router.go:883] [C] c:/go/src/pkg/net/http/server.go:1673 
2014/11/17 11:30:26 [router.go:883] [C] c:/go/src/pkg/net/http/server.go:1174 
2014/11/17 11:30:26 [router.go:883] [C] c:/go/src/pkg/runtime/proc.c:1445 
2014/11/17 11:32:17 [main.go:17] [I] zouzhe 0.1.14.1105 
2014/11/17 11:32:17 [app.go:96] [I] http server Running on :80
2014/11/17 11:32:22 [router.go:845] [D] | GET        | /                                        | 41.0024ms        | match      | /                                        | 
2014/11/17 11:32:25 [router.go:845] [D] | GET        | /                                        | 51.0029ms        | match      | /                                        | 
2014/11/17 11:32:26 [router.go:845] [D] | GET        | /                                        | 42.0024ms        | match      | /                                        | 
2014/11/17 11:32:27 [router.go:845] [D] | GET        | /                                        | 51.0029ms        | match      | /                                        | 
2014/11/17 11:32:28 [router.go:845] [D] | GET        | /                                        | 49.0028ms        | match      | /                                        | 
2014/11/17 11:32:28 [router.go:845] [D] | GET        | /                                        | 34.0019ms        | match      | /                                        | 
2014/11/17 11:32:29 [router.go:845] [D] | GET        | /                                        | 51.0029ms        | match      | /                                        | 
2014/11/17 11:32:52 [router.go:845] [D] | GET        | /                                        | 38.0022ms        | match      | /                                        | 
2014/11/17 11:33:35 [router.go:876] [C] the request url is  / 
2014/11/17 11:33:35 [router.go:877] [C] Handler crashed with error unidentified node type in allIdents 
2014/11/17 11:33:35 [router.go:883] [C] c:/go/src/pkg/runtime/panic.c:248 
2014/11/17 11:33:35 [router.go:883] [C] c:/go/src/pkg/html/template/escape.go:223 
2014/11/17 11:33:35 [router.go:883] [C] c:/go/src/pkg/html/template/escape.go:249 
2014/11/17 11:33:35 [router.go:883] [C] c:/go/src/pkg/html/template/escape.go:757 
2014/11/17 11:33:35 [router.go:883] [C] c:/go/src/pkg/html/template/escape.go:44 
2014/11/17 11:33:35 [router.go:883] [C] c:/go/src/pkg/html/template/template.go:107 
2014/11/17 11:33:35 [router.go:883] [C] c:/go/src/pkg/html/template/template.go:83 
2014/11/17 11:33:35 [router.go:883] [C] G:/baiduyun/cloud/GoWalker/src/github.com/astaxie/beego/controller.go:226 
2014/11/17 11:33:35 [router.go:883] [C] G:/baiduyun/cloud/GoWalker/src/github.com/astaxie/beego/controller.go:179 
2014/11/17 11:33:35 [router.go:883] [C] G:/baiduyun/cloud/GoWalker/src/github.com/astaxie/beego/router.go:801 
2014/11/17 11:33:35 [router.go:883] [C] c:/go/src/pkg/net/http/server.go:1673 
2014/11/17 11:33:35 [router.go:883] [C] c:/go/src/pkg/net/http/server.go:1174 
2014/11/17 11:33:35 [router.go:883] [C] c:/go/src/pkg/runtime/proc.c:1445 
2014/11/17 11:33:52 [log.go:108] [D] template Execute err: template: _footer.html:76:39: executing "_footer.html" at <.PageStartTime>: PageStartTime is not a method but has arguments 
2014/11/17 11:33:52 [router.go:876] [C] the request url is  / 
2014/11/17 11:33:52 [router.go:877] [C] Handler crashed with error template: _footer.html:76:39: executing "_footer.html" at <.PageStartTime>: PageStartTime is not a method but has arguments 
2014/11/17 11:33:52 [router.go:883] [C] c:/go/src/pkg/runtime/panic.c:248 
2014/11/17 11:33:52 [router.go:883] [C] G:/baiduyun/cloud/GoWalker/src/github.com/astaxie/beego/router.go:802 
2014/11/17 11:33:52 [router.go:883] [C] c:/go/src/pkg/net/http/server.go:1673 
2014/11/17 11:33:52 [router.go:883] [C] c:/go/src/pkg/net/http/server.go:1174 
2014/11/17 11:33:52 [router.go:883] [C] c:/go/src/pkg/runtime/proc.c:1445 
2014/11/17 11:34:21 [router.go:845] [D] | GET        | /                                        | 51.0029ms        | match      | /                                        | 
2014/11/17 11:34:24 [router.go:845] [D] | GET        | /                                        | 51.0029ms        | match      | /                                        | 
2014/11/17 11:35:30 [router.go:845] [D] | GET        | /ifr_status/                             | 1ms              | notmatch   | 
2014/11/17 11:44:47 [main.go:17] [I] zouzhe 0.1.14.1105 
2014/11/17 11:44:47 [app.go:96] [I] http server Running on :80
2014/11/18 17:17:16 [main.go:17] [I] zouzhe 0.1.14.1105 
2014/11/18 17:17:16 [app.go:96] [I] http server Running on :80
2014/11/19 12:26:31 [main.go:17] [I] zouzhe 0.1.14.1105 
2014/11/19 12:26:32 [app.go:96] [I] http server Running on :80
2014/11/19 15:14:09 [main.go:17] [I] zouzhe 0.1.14.1105 
2014/11/19 15:14:09 [app.go:96] [I] http server Running on :80
2014/11/20 11:09:26 [main.go:17] [I] zouzhe 0.1.14.1105 
2014/11/20 11:09:34 [app.go:96] [I] http server Running on :80
2014/11/20 11:12:02 [main.go:17] [I] zouzhe 0.1.14.1105 
2014/11/20 11:12:02 [app.go:96] [I] http server Running on :80
2014/11/20 11:12:06 [router.go:845] [D] | GET        | /                                        | 37.0022ms        | match      | /                                        | 
2014/11/20 11:29:05 [router.go:845] [D] | GET        | /                                        | 27.0016ms        | match      | /                                        | 
2014/11/20 11:29:08 [router.go:845] [D] | GET        | /ifr_status/                             | 1.0001ms         | notmatch   | 
2014/11/20 11:29:12 [router.go:845] [D] | GET        | /                                        | 37.0021ms        | match      | /                                        | 
2014/11/20 11:37:08 [router.go:845] [D] | GET        | /                                        | 27.0015ms        | match      | /                                        | 
2014/11/20 11:37:50 [router.go:845] [D] | POST       | /du/                                     | 2.0001ms         | notmatch   | 
2014/11/20 11:37:52 [router.go:845] [D] | POST       | /du/                                     | 1ms              | notmatch   | 
2014/11/20 11:40:21 [router.go:845] [D] | GET        | /messenger-front/get                     | 1.0001ms         | notmatch   | 
2014/11/20 11:41:44 [router.go:845] [D] | GET        | /ifr_status/                             | 1ms              | notmatch   | 
2014/11/20 11:42:55 [router.go:845] [D] | POST       | /du/                                     | 1.0001ms         | notmatch   | 
2014/11/20 11:42:57 [router.go:845] [D] | POST       | /du/                                     | 1.0001ms         | notmatch   | 
2014/11/20 11:47:51 [router.go:845] [D] | GET        | /connect/qq_login                        | 0                | match      | /connect/qq_login/*                      | 
2014/11/20 11:47:57 [log.go:108] [D] Connect/QQ_Callback Info:&{0  0 qq 769730D627FD70BF6FBC376B5554E4C5 5B9F45C11278896121B34468BBEE2C0D 17B16261244FECB04470F4002D52FF4E 哈利蔺特 男 http://q.qlogo.cn/qqapp/101036556/769730D627FD70BF6FBC376B5554E4C5/40 http://q.qlogo.cn/qqapp/101036556/769730D627FD70BF6FBC376B5554E4C5/100} 
2014/11/20 11:47:57 [router.go:845] [D] | GET        | /connect/qq_callback                     | 2.4081378s       | match      | /connect/qq_callback/*                   | 
2014/11/20 11:47:57 [log.go:108] [D] Connect/SignTrace Info:记录登录日志 
2014/11/20 11:47:58 [router.go:845] [D] | POST       | /connect/signtrace                       | 542.031ms        | match      | /connect/signtrace/*                     | 
2014/11/20 11:48:01 [router.go:845] [D] | POST       | /du/                                     | 2.0001ms         | notmatch   | 
2014/11/20 11:53:05 [router.go:845] [D] | POST       | /du/                                     | 2.0001ms         | notmatch   | 
2014/11/20 11:58:09 [router.go:845] [D] | POST       | /du/                                     | 2.0001ms         | notmatch   | 
2014/11/20 12:03:13 [router.go:845] [D] | POST       | /du/                                     | 2.0001ms         | notmatch   | 
2014/11/20 12:07:09 [router.go:845] [D] | GET        | /                                        | 29.0017ms        | match      | /                                        | 
2014/11/20 12:11:44 [router.go:845] [D] | GET        | /ifr_status/                             | 1.0001ms         | notmatch   | 
2014/11/20 12:13:21 [router.go:845] [D] | POST       | /du/                                     | 2.0001ms         | notmatch   | 
2014/11/20 12:28:34 [router.go:845] [D] | POST       | /du/                                     | 1.0001ms         | notmatch   | 
2014/11/20 12:31:45 [router.go:845] [D] | GET        | /                                        | 32.0018ms        | match      | /                                        | 
2014/11/20 12:35:58 [router.go:845] [D] | GET        | /                                        | 39.0023ms        | match      | /                                        | 
2014/11/20 12:37:49 [router.go:845] [D] | GET        | /                                        | 46.0027ms        | match      | /                                        | 
2014/11/20 12:38:08 [router.go:845] [D] | GET        | /                                        | 41.0023ms        | match      | /                                        | 
2014/11/20 12:38:20 [router.go:845] [D] | GET        | /                                        | 41.0023ms        | match      | /                                        | 
2014/11/20 12:41:44 [router.go:845] [D] | GET        | /ifr_status/                             | 1.0001ms         | notmatch   | 
2014/11/20 12:43:52 [router.go:845] [D] | GET        | /                                        | 49.0028ms        | match      | /                                        | 
2014/11/20 12:46:05 [router.go:845] [D] | GET        | /                                        | 50.0029ms        | match      | /                                        | 
2014/11/20 12:46:53 [router.go:845] [D] | GET        | /                                        | 36.0021ms        | match      | /                                        | 
2014/11/20 12:48:21 [router.go:845] [D] | GET        | /                                        | 46.0027ms        | match      | /                                        | 
2014/11/20 12:51:59 [router.go:845] [D] | GET        | /                                        | 48.0027ms        | match      | /                                        | 
2014/11/20 12:52:29 [router.go:845] [D] | GET        | /                                        | 35.002ms         | match      | /                                        | 
2014/11/20 12:53:06 [router.go:845] [D] | GET        | /                                        | 50.0029ms        | match      | /                                        | 
2014/11/20 12:53:55 [router.go:845] [D] | POST       | /du/                                     | 2.0002ms         | notmatch   | 
2014/11/20 12:54:34 [router.go:845] [D] | GET        | /                                        | 39.0023ms        | match      | /                                        | 
2014/11/20 13:26:10 [router.go:845] [D] | GET        | /                                        | 27.0015ms        | match      | /                                        | 
2014/11/20 13:26:18 [router.go:845] [D] | GET        | /                                        | 91.0052ms        | match      | /                                        | 
2014/11/20 13:27:06 [router.go:845] [D] | GET        | /                                        | 74.0042ms        | match      | /                                        | 
2014/11/20 13:27:36 [router.go:845] [D] | GET        | /                                        | 38.0022ms        | match      | /                                        | 
2014/11/20 13:28:04 [router.go:845] [D] | GET        | /                                        | 46.0027ms        | match      | /                                        | 
2014/11/20 14:28:01 [router.go:845] [D] | GET        | /                                        | 46.0027ms        | match      | /                                        | 
2014/11/20 14:30:09 [router.go:845] [D] | GET        | /                                        | 51.0029ms        | match      | /                                        | 
2014/11/20 14:32:03 [router.go:845] [D] | GET        | /                                        | 61.0035ms        | match      | /                                        | 
2014/11/20 14:33:07 [router.go:845] [D] | GET        | /                                        | 53.0031ms        | match      | /                                        | 
2014/11/20 14:33:47 [router.go:845] [D] | GET        | /                                        | 50.0029ms        | match      | /                                        | 
2014/11/20 14:40:33 [router.go:845] [D] | GET        | /                                        | 50.0028ms        | match      | /                                        | 
2014/11/20 14:40:41 [router.go:845] [D] | GET        | /                                        | 47.0027ms        | match      | /                                        | 
2014/11/20 14:42:37 [router.go:845] [D] | GET        | /                                        | 30.0017ms        | match      | /                                        | 
2014/11/20 14:42:57 [router.go:845] [D] | GET        | /                                        | 44.0026ms        | match      | /                                        | 
2014/11/20 14:44:15 [router.go:845] [D] | GET        | /                                        | 38.0021ms        | match      | /                                        | 
2014/11/20 14:45:21 [router.go:845] [D] | GET        | /                                        | 51.003ms         | match      | /                                        | 
2014/11/20 14:46:29 [router.go:845] [D] | GET        | /                                        | 40.0023ms        | match      | /                                        | 
2014/11/20 14:47:47 [router.go:845] [D] | GET        | /                                        | 29.0016ms        | match      | /                                        | 
2014/11/20 14:48:34 [router.go:845] [D] | GET        | /                                        | 54.0031ms        | match      | /                                        | 
2014/11/20 14:51:13 [router.go:845] [D] | GET        | /                                        | 50.0028ms        | match      | /                                        | 
2014/11/20 14:51:52 [router.go:845] [D] | GET        | /                                        | 46.0026ms        | match      | /                                        | 
2014/11/20 14:53:25 [router.go:845] [D] | GET        | /                                        | 84.0048ms        | match      | /                                        | 
2014/11/20 14:54:17 [router.go:845] [D] | GET        | /                                        | 41.0023ms        | match      | /                                        | 
2014/11/20 14:54:20 [router.go:845] [D] | GET        | /                                        | 51.0029ms        | match      | /                                        | 
2014/11/20 14:58:37 [router.go:845] [D] | GET        | /                                        | 63.0036ms        | match      | /                                        | 
2014/11/20 15:00:17 [router.go:845] [D] | GET        | /                                        | 35.002ms         | match      | /                                        | 
2014/11/20 15:01:08 [router.go:845] [D] | GET        | /                                        | 63.0036ms        | match      | /                                        | 
2014/11/20 15:02:04 [router.go:845] [D] | GET        | /                                        | 47.0027ms        | match      | /                                        | 
2014/11/20 15:04:45 [router.go:845] [D] | GET        | /                                        | 39.0022ms        | match      | /                                        | 
2014/11/20 15:05:05 [router.go:845] [D] | GET        | /                                        | 52.0029ms        | match      | /                                        | 
2014/11/20 15:05:44 [router.go:845] [D] | GET        | /                                        | 44.0025ms        | match      | /                                        | 
2014/11/20 15:06:28 [router.go:845] [D] | GET        | /                                        | 73.0042ms        | match      | /                                        | 
2014/11/20 15:07:37 [router.go:845] [D] | GET        | /                                        | 35.0021ms        | match      | /                                        | 
2014/11/20 15:07:41 [router.go:845] [D] | GET        | /                                        | 41.0023ms        | match      | /                                        | 
2014/11/20 15:08:04 [router.go:845] [D] | GET        | /                                        | 71.0041ms        | match      | /                                        | 
2014/11/20 15:12:10 [router.go:845] [D] | GET        | /                                        | 73.0041ms        | match      | /                                        | 
2014/11/20 15:13:11 [router.go:845] [D] | GET        | /                                        | 29.0016ms        | match      | /                                        | 
2014/11/20 15:14:30 [router.go:845] [D] | GET        | /                                        | 42.0024ms        | match      | /                                        | 
2014/11/20 15:15:40 [router.go:845] [D] | GET        | /                                        | 60.0034ms        | match      | /                                        | 
2014/11/20 15:15:48 [router.go:845] [D] | GET        | /                                        | 75.0043ms        | match      | /                                        | 
2014/11/20 15:17:01 [router.go:845] [D] | GET        | /                                        | 75.0043ms        | match      | /                                        | 
2014/11/20 15:17:04 [router.go:845] [D] | GET        | /                                        | 43.0025ms        | match      | /                                        | 
2014/11/20 15:17:04 [router.go:845] [D] | GET        | /                                        | 32.0019ms        | match      | /                                        | 
2014/11/20 15:17:13 [router.go:845] [D] | GET        | /                                        | 42.0024ms        | match      | /                                        | 
2014/11/20 15:17:14 [router.go:845] [D] | GET        | /                                        | 52.003ms         | match      | /                                        | 
2014/11/20 15:17:14 [router.go:845] [D] | GET        | /                                        | 38.0022ms        | match      | /                                        | 
2014/11/20 15:17:15 [router.go:845] [D] | GET        | /                                        | 51.0029ms        | match      | /                                        | 
2014/11/20 15:19:00 [router.go:845] [D] | GET        | /                                        | 48.0027ms        | match      | /                                        | 
2014/11/20 15:19:10 [router.go:845] [D] | GET        | /                                        | 67.0038ms        | match      | /                                        | 
2014/11/20 15:19:19 [router.go:845] [D] | GET        | /                                        | 31.0018ms        | match      | /                                        | 
2014/11/20 15:20:31 [router.go:845] [D] | GET        | /                                        | 52.003ms         | match      | /                                        | 
2014/11/20 15:20:40 [router.go:845] [D] | GET        | /                                        | 77.0044ms        | match      | /                                        | 
2014/11/20 15:23:18 [router.go:845] [D] | GET        | /                                        | 41.0023ms        | match      | /                                        | 
2014/11/20 15:23:23 [router.go:845] [D] | GET        | /                                        | 28.0016ms        | match      | /                                        | 
2014/11/20 15:23:25 [router.go:845] [D] | GET        | /                                        | 41.0023ms        | match      | /                                        | 
2014/11/20 15:23:26 [router.go:845] [D] | GET        | /                                        | 63.0036ms        | match      | /                                        | 
2014/11/20 15:23:27 [router.go:845] [D] | GET        | /                                        | 46.0026ms        | match      | /                                        | 
2014/11/20 15:23:32 [router.go:845] [D] | GET        | /                                        | 42.0024ms        | match      | /                                        | 
2014/11/20 15:23:33 [router.go:845] [D] | GET        | /                                        | 51.0029ms        | match      | /                                        | 
2014/11/20 15:23:41 [router.go:845] [D] | GET        | /                                        | 34.0019ms        | match      | /                                        | 
2014/11/20 15:25:04 [router.go:845] [D] | GET        | /                                        | 46.0026ms        | match      | /                                        | 
2014/11/20 15:26:25 [router.go:845] [D] | GET        | /                                        | 61.0035ms        | match      | /                                        | 
2014/11/20 15:27:26 [router.go:845] [D] | GET        | /                                        | 42.0024ms        | match      | /                                        | 
2014/11/20 15:34:49 [router.go:845] [D] | GET        | /                                        | 59.0034ms        | match      | /                                        | 
2014/11/20 15:49:56 [router.go:845] [D] | GET        | /                                        | 53.003ms         | match      | /                                        | 
